# JRE version: OpenJDK Runtime Environment (8.0_131-b11) (build 1.8.0_131-8u131-b11-1~bpo8+1-b11)
# Java VM: OpenJDK 64-Bit Server VM (25.131-b11 mixed mode linux-amd64 compressed oops)
Heap:
 PSYoungGen      total 49664K, used 15123K [0x00000000ebf00000, 0x00000000f8480000, 0x0000000100000000)
  eden space 48640K, 29% used [0x00000000ebf00000,0x00000000eccdcf98,0x00000000eee80000)
  from space 1024K, 90% used [0x00000000f7f00000,0x00000000f7fe8000,0x00000000f8000000)
  to   space 3072K, 0% used [0x00000000f8180000,0x00000000f8180000,0x00000000f8480000)
 ParOldGen       total 46080K, used 17827K [0x00000000c3c00000, 0x00000000c6900000, 0x00000000ebf00000)
  object space 46080K, 38% used [0x00000000c3c00000,0x00000000c4d68ce8,0x00000000c6900000)
 Metaspace       used 31603K, capacity 31972K, committed 32384K, reserved 1077248K
  class space    used 3993K, capacity 4097K, committed 4224K, reserved 1048576K
GC Heap History (10 events):
Event: 24645.798 GC heap before
{Heap before GC invocations=54 (full 3):
 PSYoungGen      total 57344K, used 57184K [0x00000000ebf00000, 0x00000000f8b80000, 0x0000000100000000)
  eden space 56320K, 100% used [0x00000000ebf00000,0x00000000ef600000,0x00000000ef600000)
  from space 1024K, 84% used [0x00000000f8a80000,0x00000000f8b58000,0x00000000f8b80000)
  to   space 4096K, 0% used [0x00000000f8380000,0x00000000f8380000,0x00000000f8780000)
 ParOldGen       total 46080K, used 17827K [0x00000000c3c00000, 0x00000000c6900000, 0x00000000ebf00000)
  object space 46080K, 38% used [0x00000000c3c00000,0x00000000c4d68ce8,0x00000000c6900000)
 Metaspace       used 31598K, capacity 31972K, committed 32384K, reserved 1077248K
  class space    used 3993K, capacity 4097K, committed 4224K, reserved 1048576K
Event: 24645.825 GC heap after
Heap after GC invocations=54 (full 3):
 PSYoungGen      total 55808K, used 864K [0x00000000ebf00000, 0x00000000f8b00000, 0x0000000100000000)
  eden space 54784K, 0% used [0x00000000ebf00000,0x00000000ebf00000,0x00000000ef480000)
  from space 1024K, 84% used [0x00000000f8380000,0x00000000f8458000,0x00000000f8480000)
  to   space 4096K, 0% used [0x00000000f8700000,0x00000000f8700000,0x00000000f8b00000)
 ParOldGen       total 46080K, used 17827K [0x00000000c3c00000, 0x00000000c6900000, 0x00000000ebf00000)
  object space 46080K, 38% used [0x00000000c3c00000,0x00000000c4d68ce8,0x00000000c6900000)
 Metaspace       used 31598K, capacity 31972K, committed 32384K, reserved 1077248K
  class space    used 3993K, capacity 4097K, committed 4224K, reserved 1048576K
}
Event: 24910.908 GC heap before
{Heap before GC invocations=55 (full 3):
 PSYoungGen      total 55808K, used 55648K [0x00000000ebf00000, 0x00000000f8b00000, 0x0000000100000000)
  eden space 54784K, 100% used [0x00000000ebf00000,0x00000000ef480000,0x00000000ef480000)
  from space 1024K, 84% used [0x00000000f8380000,0x00000000f8458000,0x00000000f8480000)
  to   space 4096K, 0% used [0x00000000f8700000,0x00000000f8700000,0x00000000f8b00000)
 ParOldGen       total 46080K, used 17827K [0x00000000c3c00000, 0x00000000c6900000, 0x00000000ebf00000)
  object space 46080K, 38% used [0x00000000c3c00000,0x00000000c4d68ce8,0x00000000c6900000)
 Metaspace       used 31598K, capacity 31972K, committed 32384K, reserved 1077248K
  class space    used 3993K, capacity 4097K, committed 4224K, reserved 1048576K
Event: 24910.918 GC heap after
Heap after GC invocations=55 (full 3):
 PSYoungGen      total 54272K, used 880K [0x00000000ebf00000, 0x00000000f8800000, 0x0000000100000000)
  eden space 53248K, 0% used [0x00000000ebf00000,0x00000000ebf00000,0x00000000ef300000)
  from space 1024K, 85% used [0x00000000f8700000,0x00000000f87dc010,0x00000000f8800000)
  to   space 3584K, 0% used [0x00000000f8100000,0x00000000f8100000,0x00000000f8480000)
 ParOldGen       total 46080K, used 17827K [0x00000000c3c00000, 0x00000000c6900000, 0x00000000ebf00000)
  object space 46080K, 38% used [0x00000000c3c00000,0x00000000c4d68ce8,0x00000000c6900000)
 Metaspace       used 31598K, capacity 31972K, committed 32384K, reserved 1077248K
  class space    used 3993K, capacity 4097K, committed 4224K, reserved 1048576K
}
Event: 25161.262 GC heap before
{Heap before GC invocations=56 (full 3):
 PSYoungGen      total 54272K, used 54128K [0x00000000ebf00000, 0x00000000f8800000, 0x0000000100000000)
  eden space 53248K, 100% used [0x00000000ebf00000,0x00000000ef300000,0x00000000ef300000)
  from space 1024K, 85% used [0x00000000f8700000,0x00000000f87dc010,0x00000000f8800000)
  to   space 3584K, 0% used [0x00000000f8100000,0x00000000f8100000,0x00000000f8480000)
 ParOldGen       total 46080K, used 17827K [0x00000000c3c00000, 0x00000000c6900000, 0x00000000ebf00000)
  object space 46080K, 38% used [0x00000000c3c00000,0x00000000c4d68ce8,0x00000000c6900000)
 Metaspace       used 31598K, capacity 31972K, committed 32384K, reserved 1077248K
  class space    used 3993K, capacity 4097K, committed 4224K, reserved 1048576K
Event: 25161.301 GC heap after
Heap after GC invocations=56 (full 3):
 PSYoungGen      total 52736K, used 896K [0x00000000ebf00000, 0x00000000f8780000, 0x0000000100000000)
  eden space 51712K, 0% used [0x00000000ebf00000,0x00000000ebf00000,0x00000000ef180000)
  from space 1024K, 87% used [0x00000000f8100000,0x00000000f81e0000,0x00000000f8200000)
  to   space 3584K, 0% used [0x00000000f8400000,0x00000000f8400000,0x00000000f8780000)
 ParOldGen       total 46080K, used 17827K [0x00000000c3c00000, 0x00000000c6900000, 0x00000000ebf00000)
  object space 46080K, 38% used [0x00000000c3c00000,0x00000000c4d68ce8,0x00000000c6900000)
 Metaspace       used 31598K, capacity 31972K, committed 32384K, reserved 1077248K
  class space    used 3993K, capacity 4097K, committed 4224K, reserved 1048576K
}
Event: 25388.250 GC heap before
{Heap before GC invocations=57 (full 3):
 PSYoungGen      total 52736K, used 52608K [0x00000000ebf00000, 0x00000000f8780000, 0x0000000100000000)
  eden space 51712K, 100% used [0x00000000ebf00000,0x00000000ef180000,0x00000000ef180000)
  from space 1024K, 87% used [0x00000000f8100000,0x00000000f81e0000,0x00000000f8200000)
  to   space 3584K, 0% used [0x00000000f8400000,0x00000000f8400000,0x00000000f8780000)
 ParOldGen       total 46080K, used 17827K [0x00000000c3c00000, 0x00000000c6900000, 0x00000000ebf00000)
  object space 46080K, 38% used [0x00000000c3c00000,0x00000000c4d68ce8,0x00000000c6900000)
 Metaspace       used 31598K, capacity 31972K, committed 32384K, reserved 1077248K
  class space    used 3993K, capacity 4097K, committed 4224K, reserved 1048576K
Event: 25388.255 GC heap after
Heap after GC invocations=57 (full 3):
 PSYoungGen      total 51200K, used 896K [0x00000000ebf00000, 0x00000000f8500000, 0x0000000100000000)
  eden space 50176K, 0% used [0x00000000ebf00000,0x00000000ebf00000,0x00000000ef000000)
  from space 1024K, 87% used [0x00000000f8400000,0x00000000f84e0000,0x00000000f8500000)
  to   space 3072K, 0% used [0x00000000f7f00000,0x00000000f7f00000,0x00000000f8200000)
 ParOldGen       total 46080K, used 17827K [0x00000000c3c00000, 0x00000000c6900000, 0x00000000ebf00000)
  object space 46080K, 38% used [0x00000000c3c00000,0x00000000c4d68ce8,0x00000000c6900000)
 Metaspace       used 31598K, capacity 31972K, committed 32384K, reserved 1077248K
  class space    used 3993K, capacity 4097K, committed 4224K, reserved 1048576K
}
Event: 25582.714 GC heap before
{Heap before GC invocations=58 (full 3):
 PSYoungGen      total 51200K, used 51072K [0x00000000ebf00000, 0x00000000f8500000, 0x0000000100000000)
  eden space 50176K, 100% used [0x00000000ebf00000,0x00000000ef000000,0x00000000ef000000)
  from space 1024K, 87% used [0x00000000f8400000,0x00000000f84e0000,0x00000000f8500000)
  to   space 3072K, 0% used [0x00000000f7f00000,0x00000000f7f00000,0x00000000f8200000)
 ParOldGen       total 46080K, used 17827K [0x00000000c3c00000, 0x00000000c6900000, 0x00000000ebf00000)
  object space 46080K, 38% used [0x00000000c3c00000,0x00000000c4d68ce8,0x00000000c6900000)
 Metaspace       used 31598K, capacity 31972K, committed 32384K, reserved 1077248K
  class space    used 3993K, capacity 4097K, committed 4224K, reserved 1048576K
Event: 25582.748 GC heap after
Heap after GC invocations=58 (full 3):
 PSYoungGen      total 49664K, used 928K [0x00000000ebf00000, 0x00000000f8480000, 0x0000000100000000)
  eden space 48640K, 0% used [0x00000000ebf00000,0x00000000ebf00000,0x00000000eee80000)
  from space 1024K, 90% used [0x00000000f7f00000,0x00000000f7fe8000,0x00000000f8000000)
  to   space 3072K, 0% used [0x00000000f8180000,0x00000000f8180000,0x00000000f8480000)
 ParOldGen       total 46080K, used 17827K [0x00000000c3c00000, 0x00000000c6900000, 0x00000000ebf00000)
  object space 46080K, 38% used [0x00000000c3c00000,0x00000000c4d68ce8,0x00000000c6900000)
 Metaspace       used 31598K, capacity 31972K, committed 32384K, reserved 1077248K
  class space    used 3993K, capacity 4097K, committed 4224K, reserved 1048576K
}

